Copyright 1986-2016 Xilinx, Inc. All Rights Reserved.
-----------------------------------------------------------------------------------------------
| Tool Version      : Vivado v.2016.2 (win64) Build 1577090 Thu Jun  2 16:32:40 MDT 2016
| Date              : Wed Apr 04 13:03:49 2018
| Host              : DESKTOP-EDP9HUC running 64-bit major release  (build 9200)
| Command           : report_clock_utilization -file AUDIO_FX_TOP_clock_utilization_routed.rpt
| Design            : AUDIO_FX_TOP
| Device            : 7a35t-cpg236
| Speed File        : -1  PRODUCTION 1.14 2014-09-11
| Temperature Grade : C
-----------------------------------------------------------------------------------------------

Clock Utilization Report

Table of Contents
-----------------
1. Clock Primitive Utilization
2. Global Clock Resources
3. Global Clock Source Details
4. Local Clock Details
5. Clock Regions: Key Resource Utilization
6. Clock Regions : Global Clock Summary
7. Cell Type Counts per Global Clock: Region X0Y0
8. Cell Type Counts per Global Clock: Region X1Y0
9. Cell Type Counts per Global Clock: Region X0Y1
10. Cell Type Counts per Global Clock: Region X1Y1
11. Cell Type Counts per Global Clock: Region X0Y2
12. Cell Type Counts per Global Clock: Region X1Y2
13. Load Cell Placement Summary for Global Clock g0
14. Load Cell Placement Summary for Global Clock g1

1. Clock Primitive Utilization
------------------------------

+----------+------+-----------+-----+--------------+--------+
| Type     | Used | Available | LOC | Clock Region | Pblock |
+----------+------+-----------+-----+--------------+--------+
| BUFGCTRL |    2 |        32 |   0 |            0 |      0 |
| BUFH     |    0 |        72 |   0 |            0 |      0 |
| BUFIO    |    0 |        20 |   0 |            0 |      0 |
| BUFMR    |    0 |        10 |   0 |            0 |      0 |
| BUFR     |    0 |        20 |   0 |            0 |      0 |
| MMCM     |    0 |         5 |   0 |            0 |      0 |
| PLL      |    0 |         5 |   0 |            0 |      0 |
+----------+------+-----------+-----+--------------+--------+


2. Global Clock Resources
-------------------------

+-------+-------+-----------------+------------+---------------+--------------+------+-------------------+---------------+-------------+-----------------+--------------+-------------+------------------------------+-----------------------+
| GlbID | SrcId | Driver Type/Pin | Constraint | Site          | Clock Region | Root | Clock Delay Group | Clock Regions | Clock Loads | Non-Clock Loads | Clock Period | Clock       | Driver Pin                   | Net                   |
+-------+-------+-----------------+------------+---------------+--------------+------+-------------------+---------------+-------------+-----------------+--------------+-------------+------------------------------+-----------------------+
| g0    | src0  | BUFG/O          | None       | BUFGCTRL_X0Y0 | n/a          |      |                   |             6 |        9083 |              13 |              |             | J_MIC3_Pin1_OBUF_BUFG_inst/O | J_MIC3_Pin1_OBUF_BUFG |
| g1    | src1  | BUFG/O          | None       | BUFGCTRL_X0Y1 | n/a          |      |                   |             3 |          50 |               0 |       10.000 | sys_clk_pin | CLOCK_IBUF_BUFG_inst/O       | CLOCK_IBUF_BUFG       |
+-------+-------+-----------------+------------+---------------+--------------+------+-------------------+---------------+-------------+-----------------+--------------+-------------+------------------------------+-----------------------+
* Note: Multiple constraint types applied to the driver. Please check for potential conflicts.


3. Global Clock Source Details
------------------------------

+-------+--------+-----------------+------------+-------------+--------------+-------------+-----------------+---------------------+--------------+-------------------+---------------------+
| SrcID | GlbIDs | Driver Type/Pin | Constraint | Site        | Clock Region | Clock Loads | Non-Clock Loads | Source Clock Period | Source Clock | Driver Pin        | Net                 |
+-------+--------+-----------------+------------+-------------+--------------+-------------+-----------------+---------------------+--------------+-------------------+---------------------+
| src0  | g0     | FDRE/Q          | None       | SLICE_X1Y47 | X0Y0         |           0 |               6 |                     |              | u1/clk_20k_reg/Q  | u1/J_MIC3_Pin1_OBUF |
| src1  | g1     | IBUF/O          | IOB_X1Y26  | IOB_X1Y26   | X1Y0         |           0 |               1 |              10.000 | sys_clk_pin  | CLOCK_IBUF_inst/O | CLOCK_IBUF          |
+-------+--------+-----------------+------------+-------------+--------------+-------------+-----------------+---------------------+--------------+-------------------+---------------------+
* Note: Multiple constraint types applied to the driver. Please check for potential conflicts.


4. Local Clock Details
----------------------

+-------+-----------------+------------+------------------+--------------+-------------+-----------------+--------------+-------+-------------------------+---------------------+
| LocId | Driver Type/Pin | Constraint | Site/BEL         | Clock Region | Clock Loads | Non-Clock Loads | Clock Period | Clock | Driver Pin              | Net                 |
+-------+-----------------+------------+------------------+--------------+-------------+-----------------+--------------+-------+-------------------------+---------------------+
| 0     | FDRE/Q          | None       | SLICE_X1Y40/AFF  | X0Y0         |          22 |               2 |              |       | u5/clk_counter_reg[0]/Q | u5/CLK              |
| 1     | FDRE/Q          | None       | SLICE_X61Y74/CFF | X1Y1         |          12 |               2 |              |       | u2/sclk_reg/Q           | u2/J_MIC3_Pin4_OBUF |
| 2     | FDRE/Q          | None       | SLICE_X1Y1/AFF   | X0Y0         |           6 |               1 |              |       | u1/clk_20hz_reg/Q       | u1/Q_reg            |
| 3     | FDRE/Q          | None       | SLICE_X1Y46/AFF  | X0Y0         |           1 |               1 |              |       | u1/clk_50M_reg/Q        | u1/clk              |
+-------+-----------------+------------+------------------+--------------+-------------+-----------------+--------------+-------+-------------------------+---------------------+
* Note: Multiple constraint types applied to the driver. Please check for potential conflicts.


5. Clock Regions: Key Resource Utilization
------------------------------------------

+-------------------+--------------+--------------+--------------+--------------+--------------+--------------+--------------+--------------+--------------+--------------+--------------+--------------+--------------+--------------+--------------+
|                   | Global Clock |     BUFRs    |    BUFMRs    |    BUFIOs    |     MMCM     |      PLL     |      GT      |      PCI     |    ILOGIC    |    OLOGIC    |      FF      |     LUTM     |    RAMB18    |    RAMB36    |    DSP48E2   |
+-------------------+------+-------+------+-------+------+-------+------+-------+------+-------+------+-------+------+-------+------+-------+------+-------+------+-------+------+-------+------+-------+------+-------+------+-------+------+-------+
| Clock Region Name | Used | Avail | Used | Avail | Used | Avail | Used | Avail | Used | Avail | Used | Avail | Used | Avail | Used | Avail | Used | Avail | Used | Avail | Used | Avail | Used | Avail | Used | Avail | Used | Avail | Used | Avail |
+-------------------+------+-------+------+-------+------+-------+------+-------+------+-------+------+-------+------+-------+------+-------+------+-------+------+-------+------+-------+------+-------+------+-------+------+-------+------+-------+
| X0Y0              |    2 |    12 |    0 |     4 |    0 |     2 |    0 |     4 |    0 |     1 |    0 |     1 |    0 |     0 |    0 |     0 |    0 |    50 |    0 |    50 |  566 |  9600 |  400 |  1600 |    0 |     0 |   10 |    10 |    0 |    20 |
| X1Y0              |    1 |    12 |    0 |     4 |    0 |     2 |    0 |     4 |    0 |     1 |    0 |     1 |    0 |     0 |    0 |     0 |    0 |    50 |    0 |    50 |  579 | 12000 |  450 |  1800 |    0 |     0 |   20 |    20 |    0 |    20 |
| X0Y1              |    2 |    12 |    0 |     4 |    0 |     2 |    0 |     4 |    0 |     1 |    0 |     1 |    0 |     0 |    0 |     0 |    0 |    50 |    0 |    50 |  412 |  9600 |  399 |  1600 |    0 |     0 |    8 |    10 |    0 |    20 |
| X1Y1              |    2 |    12 |    0 |     4 |    0 |     2 |    0 |     4 |    0 |     1 |    0 |     1 |    0 |     0 |    0 |     0 |    0 |    50 |    0 |    50 |  471 | 12000 |  449 |  1800 |    0 |     0 |   10 |    20 |    0 |    20 |
| X0Y2              |    1 |    12 |    0 |     4 |    0 |     2 |    0 |     4 |    0 |     1 |    0 |     1 |    0 |     0 |    0 |     0 |    0 |    50 |    0 |    50 |  270 | 14400 |  270 |  1600 |    0 |     0 |    0 |    10 |    0 |    20 |
| X1Y2              |    1 |    12 |    0 |     0 |    0 |     0 |    0 |     0 |    0 |     0 |    0 |     0 |    0 |     5 |    0 |     0 |    0 |     0 |    0 |     0 |  220 |  7600 |  220 |  1200 |    0 |     0 |    0 |     5 |    0 |    20 |
+-------------------+------+-------+------+-------+------+-------+------+-------+------+-------+------+-------+------+-------+------+-------+------+-------+------+-------+------+-------+------+-------+------+-------+------+-------+------+-------+
* Used Global Clocks includes only global clock resources based on load placement but does not consider global clock resources used to traverse a clock region. Therefore the actual total of Used Global Clocks may be higher.
** RAMB36 site can be used as two RAMB18/FIFO18 sites.


6. Clock Regions : Global Clock Summary
---------------------------------------

+----+----+----+
|    | X0 | X1 |
+----+----+----+
| Y2 |  1 |  1 |
| Y1 |  2 |  2 |
| Y0 |  2 |  1 |
+----+----+----+
* Used Global Clocks includes only global clock resources based on load placement but does not consider global clock resources used to traverse a clock region. Therefore the actual total of Used Global Clocks may be higher.


7. Cell Type Counts per Global Clock: Region X0Y0
-------------------------------------------------

+-------+-------+-----------------+------------+-------------+-----------------+-----+--------+------+-----+----+------+-----+---------+-----------------------+
| GlbID | Track | Driver Type/Pin | Constraint | Clock Loads | Non-Clock Loads | FF  | LUTRAM | RAMB | DSP | GT | MMCM | PLL | Hard IP | Net                   |
+-------+-------+-----------------+------------+-------------+-----------------+-----+--------+------+-----+----+------+-----+---------+-----------------------+
| g0    | n/a   | BUFG/O          | None       |           0 |             504 | 494 |    400 |   10 |   0 |  0 |    0 |   0 |       0 | J_MIC3_Pin1_OBUF_BUFG |
| g1    | n/a   | BUFG/O          | None       |           0 |              34 |  34 |      0 |    0 |   0 |  0 |    0 |   0 |       0 | CLOCK_IBUF_BUFG       |
+-------+-------+-----------------+------------+-------------+-----------------+-----+--------+------+-----+----+------+-----+---------+-----------------------+
* Note: Multiple constraint types applied to the driver. Please check for potential conflicts.


8. Cell Type Counts per Global Clock: Region X1Y0
-------------------------------------------------

+-------+-------+-----------------+------------+-------------+-----------------+-----+--------+------+-----+----+------+-----+---------+-----------------------+
| GlbID | Track | Driver Type/Pin | Constraint | Clock Loads | Non-Clock Loads | FF  | LUTRAM | RAMB | DSP | GT | MMCM | PLL | Hard IP | Net                   |
+-------+-------+-----------------+------------+-------------+-----------------+-----+--------+------+-----+----+------+-----+---------+-----------------------+
| g0    | n/a   | BUFG/O          | None       |           0 |             593 | 573 |    450 |   20 |   0 |  0 |    0 |   0 |       0 | J_MIC3_Pin1_OBUF_BUFG |
+-------+-------+-----------------+------------+-------------+-----------------+-----+--------+------+-----+----+------+-----+---------+-----------------------+
* Note: Multiple constraint types applied to the driver. Please check for potential conflicts.


9. Cell Type Counts per Global Clock: Region X0Y1
-------------------------------------------------

+-------+-------+-----------------+------------+-------------+-----------------+-----+--------+------+-----+----+------+-----+---------+-----------------------+
| GlbID | Track | Driver Type/Pin | Constraint | Clock Loads | Non-Clock Loads | FF  | LUTRAM | RAMB | DSP | GT | MMCM | PLL | Hard IP | Net                   |
+-------+-------+-----------------+------------+-------------+-----------------+-----+--------+------+-----+----+------+-----+---------+-----------------------+
| g0    | n/a   | BUFG/O          | None       |           0 |             417 | 409 |    399 |    8 |   0 |  0 |    0 |   0 |       0 | J_MIC3_Pin1_OBUF_BUFG |
| g1    | n/a   | BUFG/O          | None       |           0 |               3 |   3 |      0 |    0 |   0 |  0 |    0 |   0 |       0 | CLOCK_IBUF_BUFG       |
+-------+-------+-----------------+------------+-------------+-----------------+-----+--------+------+-----+----+------+-----+---------+-----------------------+
* Note: Multiple constraint types applied to the driver. Please check for potential conflicts.


10. Cell Type Counts per Global Clock: Region X1Y1
--------------------------------------------------

+-------+-------+-----------------+------------+-------------+-----------------+-----+--------+------+-----+----+------+-----+---------+-----------------------+
| GlbID | Track | Driver Type/Pin | Constraint | Clock Loads | Non-Clock Loads | FF  | LUTRAM | RAMB | DSP | GT | MMCM | PLL | Hard IP | Net                   |
+-------+-------+-----------------+------------+-------------+-----------------+-----+--------+------+-----+----+------+-----+---------+-----------------------+
| g0    | n/a   | BUFG/O          | None       |           0 |             480 | 469 |    449 |   10 |   0 |  0 |    0 |   0 |       0 | J_MIC3_Pin1_OBUF_BUFG |
| g1    | n/a   | BUFG/O          | None       |           0 |              13 |  13 |      0 |    0 |   0 |  0 |    0 |   0 |       0 | CLOCK_IBUF_BUFG       |
+-------+-------+-----------------+------------+-------------+-----------------+-----+--------+------+-----+----+------+-----+---------+-----------------------+
* Note: Multiple constraint types applied to the driver. Please check for potential conflicts.


11. Cell Type Counts per Global Clock: Region X0Y2
--------------------------------------------------

+-------+-------+-----------------+------------+-------------+-----------------+-----+--------+------+-----+----+------+-----+---------+-----------------------+
| GlbID | Track | Driver Type/Pin | Constraint | Clock Loads | Non-Clock Loads | FF  | LUTRAM | RAMB | DSP | GT | MMCM | PLL | Hard IP | Net                   |
+-------+-------+-----------------+------------+-------------+-----------------+-----+--------+------+-----+----+------+-----+---------+-----------------------+
| g0    | n/a   | BUFG/O          | None       |           0 |             270 | 270 |    270 |    0 |   0 |  0 |    0 |   0 |       0 | J_MIC3_Pin1_OBUF_BUFG |
+-------+-------+-----------------+------------+-------------+-----------------+-----+--------+------+-----+----+------+-----+---------+-----------------------+
* Note: Multiple constraint types applied to the driver. Please check for potential conflicts.


12. Cell Type Counts per Global Clock: Region X1Y2
--------------------------------------------------

+-------+-------+-----------------+------------+-------------+-----------------+-----+--------+------+-----+----+------+-----+---------+-----------------------+
| GlbID | Track | Driver Type/Pin | Constraint | Clock Loads | Non-Clock Loads | FF  | LUTRAM | RAMB | DSP | GT | MMCM | PLL | Hard IP | Net                   |
+-------+-------+-----------------+------------+-------------+-----------------+-----+--------+------+-----+----+------+-----+---------+-----------------------+
| g0    | n/a   | BUFG/O          | None       |           0 |             220 | 220 |    220 |    0 |   0 |  0 |    0 |   0 |       0 | J_MIC3_Pin1_OBUF_BUFG |
+-------+-------+-----------------+------------+-------------+-----------------+-----+--------+------+-----+----+------+-----+---------+-----------------------+
* Note: Multiple constraint types applied to the driver. Please check for potential conflicts.


13. Load Cell Placement Summary for Global Clock g0
---------------------------------------------------

+-------+-----------------+-------------------+-------+-------------+---------------+----------+-------------+----------+-------------+----+-----------------------+
| GlbID | Driver Type/Pin | Driver Region (D) | Clock | Period (ns) | Waveform (ns) | Root (R) | Slice Loads | IO Loads | Clock Loads | GT | Net                   |
+-------+-----------------+-------------------+-------+-------------+---------------+----------+-------------+----------+-------------+----+-----------------------+
| g0    | BUFG/O          | n/a               |       |             |               |          |        2483 |        1 |           0 |  0 | J_MIC3_Pin1_OBUF_BUFG |
+-------+-----------------+-------------------+-------+-------------+---------------+----------+-------------+----------+-------------+----+-----------------------+


+----+------+------+
|    | X0   | X1   |
+----+------+------+
| Y2 |  270 |  220 |
| Y1 |  417 |  480 |
| Y0 |  504 |  593 |
+----+------+------+


14. Load Cell Placement Summary for Global Clock g1
---------------------------------------------------

+-------+-----------------+-------------------+-------------+-------------+---------------+----------+-------------+----------+-------------+----+-----------------+
| GlbID | Driver Type/Pin | Driver Region (D) | Clock       | Period (ns) | Waveform (ns) | Root (R) | Slice Loads | IO Loads | Clock Loads | GT | Net             |
+-------+-----------------+-------------------+-------------+-------------+---------------+----------+-------------+----------+-------------+----+-----------------+
| g1    | BUFG/O          | n/a               | sys_clk_pin |      10.000 | {0.000 5.000} |          |          50 |        0 |           0 |  0 | CLOCK_IBUF_BUFG |
+-------+-----------------+-------------------+-------------+-------------+---------------+----------+-------------+----------+-------------+----+-----------------+


+----+-----+-----+
|    | X0  | X1  |
+----+-----+-----+
| Y2 |   0 |   0 |
| Y1 |   3 |  13 |
| Y0 |  34 |   0 |
+----+-----+-----+



# Location of BUFG Primitives 
set_property LOC BUFGCTRL_X0Y0 [get_cells J_MIC3_Pin1_OBUF_BUFG_inst]
set_property LOC BUFGCTRL_X0Y1 [get_cells CLOCK_IBUF_BUFG_inst]

# Location of IO Primitives which is load of clock spine
set_property LOC IOB_X1Y93 [get_cells J_MIC3_Pin1_OBUF_inst]

# Location of clock ports
set_property LOC IOB_X1Y26 [get_ports CLOCK]

# Clock net "J_MIC3_Pin1_OBUF_BUFG" driven by instance "J_MIC3_Pin1_OBUF_BUFG_inst" located at site "BUFGCTRL_X0Y0"
#startgroup
create_pblock {CLKAG_J_MIC3_Pin1_OBUF_BUFG}
add_cells_to_pblock [get_pblocks  {CLKAG_J_MIC3_Pin1_OBUF_BUFG}] [get_cells -filter { PRIMITIVE_GROUP != I/O && IS_PRIMITIVE==1 && PRIMITIVE_LEVEL !=INTERNAL && NAME!=J_MIC3_Pin1_OBUF_inst} -of_object [get_pins -filter {DIRECTION==IN} -of_objects [get_nets -hierarchical -filter {PARENT=="J_MIC3_Pin1_OBUF_BUFG"}]]]
resize_pblock [get_pblocks {CLKAG_J_MIC3_Pin1_OBUF_BUFG}] -add {CLOCKREGION_X0Y0:CLOCKREGION_X0Y0 CLOCKREGION_X0Y1:CLOCKREGION_X0Y1 CLOCKREGION_X1Y0:CLOCKREGION_X1Y0 CLOCKREGION_X1Y1:CLOCKREGION_X1Y1}
#endgroup

# Clock net "CLOCK_IBUF_BUFG" driven by instance "CLOCK_IBUF_BUFG_inst" located at site "BUFGCTRL_X0Y1"
#startgroup
create_pblock {CLKAG_CLOCK_IBUF_BUFG}
add_cells_to_pblock [get_pblocks  {CLKAG_CLOCK_IBUF_BUFG}] [get_cells -filter { PRIMITIVE_GROUP != I/O && IS_PRIMITIVE==1 && PRIMITIVE_LEVEL !=INTERNAL } -of_object [get_pins -filter {DIRECTION==IN} -of_objects [get_nets -hierarchical -filter {PARENT=="CLOCK_IBUF_BUFG"}]]]
resize_pblock [get_pblocks {CLKAG_CLOCK_IBUF_BUFG}] -add {CLOCKREGION_X0Y0:CLOCKREGION_X0Y0 CLOCKREGION_X0Y1:CLOCKREGION_X0Y1 CLOCKREGION_X1Y1:CLOCKREGION_X1Y1}
#endgroup
